{"C:\\Users\\Louis\\Documents\\GitHub\\Einopdracht-webs5\\eindopdracht\\app.js":{"path":"C:\\Users\\Louis\\Documents\\GitHub\\Einopdracht-webs5\\eindopdracht\\app.js","s":{"1":1,"2":1,"3":1,"4":1,"5":1,"6":1,"7":1,"8":1,"9":1,"10":1,"11":1,"12":1,"13":1,"14":1,"15":1,"16":0,"17":1,"18":1,"19":1,"20":1,"21":1,"22":1,"23":1,"24":1,"25":1,"26":1,"27":1,"28":1,"29":1,"30":1,"31":1,"32":1,"33":1,"34":1,"35":1,"36":1,"37":1,"38":1,"39":1,"40":1,"41":1,"42":0,"43":0,"44":0,"45":1,"46":0,"47":0,"48":0,"49":1,"50":0,"51":0,"52":1},"b":{"1":[1,0],"2":[0,1],"3":[0,0],"4":[0,0]},"f":{"1":0,"2":0,"3":0},"fnMap":{"1":{"name":"(anonymous_1)","line":92,"loc":{"start":{"line":92,"column":8},"end":{"line":92,"column":33}}},"2":{"name":"(anonymous_2)","line":103,"loc":{"start":{"line":103,"column":10},"end":{"line":103,"column":40}}},"3":{"name":"(anonymous_3)","line":114,"loc":{"start":{"line":114,"column":8},"end":{"line":114,"column":38}}}},"statementMap":{"1":{"start":{"line":1,"column":0},"end":{"line":1,"column":33}},"2":{"start":{"line":2,"column":0},"end":{"line":2,"column":27}},"3":{"start":{"line":3,"column":0},"end":{"line":3,"column":39}},"4":{"start":{"line":4,"column":0},"end":{"line":4,"column":31}},"5":{"start":{"line":5,"column":0},"end":{"line":5,"column":44}},"6":{"start":{"line":6,"column":0},"end":{"line":6,"column":40}},"7":{"start":{"line":8,"column":0},"end":{"line":8,"column":41}},"8":{"start":{"line":10,"column":0},"end":{"line":10,"column":35}},"9":{"start":{"line":12,"column":0},"end":{"line":12,"column":46}},"10":{"start":{"line":14,"column":0},"end":{"line":14,"column":20}},"11":{"start":{"line":16,"column":0},"end":{"line":16,"column":21}},"12":{"start":{"line":17,"column":0},"end":{"line":22,"column":1}},"13":{"start":{"line":18,"column":17},"end":{"line":18,"column":51}},"14":{"start":{"line":19,"column":8},"end":{"line":19,"column":62}},"15":{"start":{"line":20,"column":8},"end":{"line":20,"column":14}},"16":{"start":{"line":21,"column":13},"end":{"line":21,"column":46}},"17":{"start":{"line":23,"column":0},"end":{"line":23,"column":35}},"18":{"start":{"line":25,"column":0},"end":{"line":25,"column":52}},"19":{"start":{"line":26,"column":0},"end":{"line":26,"column":52}},"20":{"start":{"line":30,"column":0},"end":{"line":30,"column":49}},"21":{"start":{"line":32,"column":0},"end":{"line":32,"column":40}},"22":{"start":{"line":33,"column":0},"end":{"line":33,"column":56}},"23":{"start":{"line":34,"column":0},"end":{"line":34,"column":39}},"24":{"start":{"line":36,"column":0},"end":{"line":36,"column":58}},"25":{"start":{"line":38,"column":0},"end":{"line":38,"column":36}},"26":{"start":{"line":40,"column":0},"end":{"line":40,"column":48}},"27":{"start":{"line":44,"column":0},"end":{"line":44,"column":48}},"28":{"start":{"line":45,"column":0},"end":{"line":45,"column":31}},"29":{"start":{"line":50,"column":0},"end":{"line":50,"column":23}},"30":{"start":{"line":51,"column":0},"end":{"line":51,"column":56}},"31":{"start":{"line":52,"column":0},"end":{"line":52,"column":24}},"32":{"start":{"line":53,"column":0},"end":{"line":53,"column":27}},"33":{"start":{"line":54,"column":0},"end":{"line":54,"column":52}},"34":{"start":{"line":55,"column":0},"end":{"line":59,"column":4}},"35":{"start":{"line":60,"column":0},"end":{"line":60,"column":31}},"36":{"start":{"line":61,"column":0},"end":{"line":61,"column":28}},"37":{"start":{"line":62,"column":0},"end":{"line":62,"column":21}},"38":{"start":{"line":63,"column":0},"end":{"line":63,"column":25}},"39":{"start":{"line":64,"column":0},"end":{"line":64,"column":25}},"40":{"start":{"line":65,"column":0},"end":{"line":65,"column":23}},"41":{"start":{"line":92,"column":0},"end":{"line":96,"column":3}},"42":{"start":{"line":93,"column":2},"end":{"line":93,"column":35}},"43":{"start":{"line":94,"column":2},"end":{"line":94,"column":19}},"44":{"start":{"line":95,"column":2},"end":{"line":95,"column":12}},"45":{"start":{"line":102,"column":0},"end":{"line":110,"column":1}},"46":{"start":{"line":103,"column":2},"end":{"line":109,"column":5}},"47":{"start":{"line":104,"column":4},"end":{"line":104,"column":34}},"48":{"start":{"line":105,"column":4},"end":{"line":108,"column":7}},"49":{"start":{"line":114,"column":0},"end":{"line":120,"column":3}},"50":{"start":{"line":115,"column":2},"end":{"line":115,"column":32}},"51":{"start":{"line":116,"column":2},"end":{"line":119,"column":5}},"52":{"start":{"line":123,"column":0},"end":{"line":123,"column":21}}},"branchMap":{"1":{"line":17,"type":"switch","locations":[{"start":{"line":18,"column":4},"end":{"line":20,"column":14}},{"start":{"line":21,"column":4},"end":{"line":21,"column":46}}]},"2":{"line":102,"type":"if","locations":[{"start":{"line":102,"column":0},"end":{"line":102,"column":0}},{"start":{"line":102,"column":0},"end":{"line":102,"column":0}}]},"3":{"line":104,"type":"binary-expr","locations":[{"start":{"line":104,"column":15},"end":{"line":104,"column":25}},{"start":{"line":104,"column":29},"end":{"line":104,"column":32}}]},"4":{"line":115,"type":"binary-expr","locations":[{"start":{"line":115,"column":13},"end":{"line":115,"column":23}},{"start":{"line":115,"column":27},"end":{"line":115,"column":30}}]}}},"C:\\Users\\Louis\\Documents\\GitHub\\Einopdracht-webs5\\eindopdracht\\dataAccess\\database.js":{"path":"C:\\Users\\Louis\\Documents\\GitHub\\Einopdracht-webs5\\eindopdracht\\dataAccess\\database.js","s":{"1":1},"b":{},"f":{},"fnMap":{},"statementMap":{"1":{"start":{"line":1,"column":0},"end":{"line":6,"column":2}}},"branchMap":{}},"C:\\Users\\Louis\\Documents\\GitHub\\Einopdracht-webs5\\eindopdracht\\models\\user.js":{"path":"C:\\Users\\Louis\\Documents\\GitHub\\Einopdracht-webs5\\eindopdracht\\models\\user.js","s":{"1":1,"2":1,"3":1,"4":1,"5":1,"6":0,"7":1,"8":0,"9":1,"10":10,"11":10,"12":6,"13":10,"14":10,"15":1,"16":0,"17":0,"18":0,"19":0,"20":0,"21":1,"22":1},"b":{"1":[6,4],"2":[10,6],"3":[0,0]},"f":{"1":1,"2":0,"3":0,"4":10,"5":0,"6":0},"fnMap":{"1":{"name":"(anonymous_1)","line":3,"loc":{"start":{"line":3,"column":7},"end":{"line":3,"column":24}}},"2":{"name":"(anonymous_2)","line":22,"loc":{"start":{"line":22,"column":36},"end":{"line":22,"column":55}}},"3":{"name":"(anonymous_3)","line":26,"loc":{"start":{"line":26,"column":37},"end":{"line":26,"column":56}}},"4":{"name":"(anonymous_4)","line":30,"loc":{"start":{"line":30,"column":37},"end":{"line":30,"column":47}}},"5":{"name":"(anonymous_5)","line":39,"loc":{"start":{"line":39,"column":41},"end":{"line":39,"column":55}}},"6":{"name":"(anonymous_6)","line":41,"loc":{"start":{"line":41,"column":27},"end":{"line":41,"column":54}}}},"statementMap":{"1":{"start":{"line":1,"column":0},"end":{"line":1,"column":40}},"2":{"start":{"line":3,"column":0},"end":{"line":49,"column":2}},"3":{"start":{"line":4,"column":1},"end":{"line":4,"column":50}},"4":{"start":{"line":6,"column":2},"end":{"line":21,"column":7}},"5":{"start":{"line":22,"column":2},"end":{"line":24,"column":4}},"6":{"start":{"line":23,"column":5},"end":{"line":23,"column":67}},"7":{"start":{"line":26,"column":2},"end":{"line":28,"column":4}},"8":{"start":{"line":27,"column":6},"end":{"line":27,"column":63}},"9":{"start":{"line":30,"column":2},"end":{"line":37,"column":5}},"10":{"start":{"line":31,"column":3},"end":{"line":31,"column":39}},"11":{"start":{"line":32,"column":3},"end":{"line":34,"column":4}},"12":{"start":{"line":33,"column":4},"end":{"line":33,"column":38}},"13":{"start":{"line":35,"column":3},"end":{"line":35,"column":29}},"14":{"start":{"line":36,"column":3},"end":{"line":36,"column":19}},"15":{"start":{"line":39,"column":2},"end":{"line":47,"column":4}},"16":{"start":{"line":40,"column":3},"end":{"line":40,"column":37}},"17":{"start":{"line":41,"column":3},"end":{"line":46,"column":5}},"18":{"start":{"line":42,"column":4},"end":{"line":45,"column":5}},"19":{"start":{"line":43,"column":5},"end":{"line":43,"column":38}},"20":{"start":{"line":44,"column":5},"end":{"line":44,"column":27}},"21":{"start":{"line":48,"column":2},"end":{"line":48,"column":36}},"22":{"start":{"line":51,"column":0},"end":{"line":51,"column":22}}},"branchMap":{"1":{"line":32,"type":"if","locations":[{"start":{"line":32,"column":3},"end":{"line":32,"column":3}},{"start":{"line":32,"column":3},"end":{"line":32,"column":3}}]},"2":{"line":32,"type":"binary-expr","locations":[{"start":{"line":32,"column":6},"end":{"line":32,"column":21}},{"start":{"line":32,"column":25},"end":{"line":32,"column":47}}]},"3":{"line":42,"type":"if","locations":[{"start":{"line":42,"column":4},"end":{"line":42,"column":4}},{"start":{"line":42,"column":4},"end":{"line":42,"column":4}}]}}},"C:\\Users\\Louis\\Documents\\GitHub\\Einopdracht-webs5\\eindopdracht\\models\\race.js":{"path":"C:\\Users\\Louis\\Documents\\GitHub\\Einopdracht-webs5\\eindopdracht\\models\\race.js","s":{"1":1,"2":1,"3":1,"4":1,"5":86,"6":1,"7":1},"b":{},"f":{"1":1,"2":86},"fnMap":{"1":{"name":"(anonymous_1)","line":1,"loc":{"start":{"line":1,"column":7},"end":{"line":1,"column":24}}},"2":{"name":"(anonymous_2)","line":20,"loc":{"start":{"line":20,"column":41},"end":{"line":20,"column":58}}}},"statementMap":{"1":{"start":{"line":1,"column":0},"end":{"line":25,"column":2}},"2":{"start":{"line":2,"column":1},"end":{"line":2,"column":50}},"3":{"start":{"line":4,"column":2},"end":{"line":19,"column":5}},"4":{"start":{"line":20,"column":2},"end":{"line":22,"column":55}},"5":{"start":{"line":21,"column":5},"end":{"line":21,"column":32}},"6":{"start":{"line":24,"column":2},"end":{"line":24,"column":36}},"7":{"start":{"line":26,"column":0},"end":{"line":26,"column":22}}},"branchMap":{}},"C:\\Users\\Louis\\Documents\\GitHub\\Einopdracht-webs5\\eindopdracht\\websocket\\websocket.js":{"path":"C:\\Users\\Louis\\Documents\\GitHub\\Einopdracht-webs5\\eindopdracht\\websocket\\websocket.js","s":{"1":1,"2":1,"3":1,"4":1,"5":0,"6":0,"7":0,"8":0,"9":0,"10":0,"11":1,"12":1,"13":0,"14":0},"b":{},"f":{"1":0,"2":0,"3":0,"4":0,"5":0},"fnMap":{"1":{"name":"(anonymous_1)","line":7,"loc":{"start":{"line":7,"column":29},"end":{"line":7,"column":51}}},"2":{"name":"(anonymous_2)","line":8,"loc":{"start":{"line":8,"column":26},"end":{"line":8,"column":41}}},"3":{"name":"(anonymous_3)","line":20,"loc":{"start":{"line":20,"column":27},"end":{"line":21,"column":4}}},"4":{"name":"broadcast","line":27,"loc":{"start":{"line":27,"column":0},"end":{"line":27,"column":24}}},"5":{"name":"(anonymous_5)","line":28,"loc":{"start":{"line":28,"column":31},"end":{"line":28,"column":53}}}},"statementMap":{"1":{"start":{"line":2,"column":0},"end":{"line":2,"column":27}},"2":{"start":{"line":3,"column":0},"end":{"line":3,"column":36}},"3":{"start":{"line":4,"column":0},"end":{"line":4,"column":23}},"4":{"start":{"line":7,"column":0},"end":{"line":24,"column":2}},"5":{"start":{"line":8,"column":4},"end":{"line":19,"column":6}},"6":{"start":{"line":9,"column":4},"end":{"line":9,"column":36}},"7":{"start":{"line":10,"column":4},"end":{"line":16,"column":6}},"8":{"start":{"line":17,"column":4},"end":{"line":17,"column":61}},"9":{"start":{"line":18,"column":5},"end":{"line":18,"column":20}},"10":{"start":{"line":20,"column":4},"end":{"line":23,"column":6}},"11":{"start":{"line":25,"column":0},"end":{"line":25,"column":19}},"12":{"start":{"line":27,"column":0},"end":{"line":31,"column":1}},"13":{"start":{"line":28,"column":4},"end":{"line":30,"column":6}},"14":{"start":{"line":29,"column":8},"end":{"line":29,"column":32}}},"branchMap":{}},"C:\\Users\\Louis\\Documents\\GitHub\\Einopdracht-webs5\\eindopdracht\\config\\passport.js":{"path":"C:\\Users\\Louis\\Documents\\GitHub\\Einopdracht-webs5\\eindopdracht\\config\\passport.js","s":{"1":1,"2":1,"3":1,"4":1,"5":0,"6":1,"7":0,"8":0,"9":1,"10":1,"11":0,"12":0,"13":0,"14":0,"15":0,"16":0,"17":0,"18":0,"19":0,"20":0,"21":0,"22":0,"23":0,"24":1,"25":0,"26":0,"27":0,"28":0,"29":0,"30":0,"31":0,"32":0,"33":1,"34":1},"b":{"1":[0,0],"2":[0,0],"3":[0,0],"4":[0,0],"5":[0,0],"6":[0,0]},"f":{"1":1,"2":0,"3":0,"4":0,"5":0,"6":0,"7":0,"8":0,"9":0,"10":0},"fnMap":{"1":{"name":"(anonymous_1)","line":5,"loc":{"start":{"line":5,"column":11},"end":{"line":5,"column":26}}},"2":{"name":"(anonymous_2)","line":13,"loc":{"start":{"line":13,"column":27},"end":{"line":13,"column":48}}},"3":{"name":"(anonymous_3)","line":18,"loc":{"start":{"line":18,"column":29},"end":{"line":18,"column":48}}},"4":{"name":"(anonymous_4)","line":19,"loc":{"start":{"line":19,"column":26},"end":{"line":19,"column":46}}},"5":{"name":"(anonymous_5)","line":35,"loc":{"start":{"line":35,"column":73},"end":{"line":35,"column":113}}},"6":{"name":"(anonymous_6)","line":38,"loc":{"start":{"line":38,"column":25},"end":{"line":38,"column":36}}},"7":{"name":"(anonymous_7)","line":42,"loc":{"start":{"line":42,"column":59},"end":{"line":42,"column":79}}},"8":{"name":"(anonymous_8)","line":61,"loc":{"start":{"line":61,"column":33},"end":{"line":61,"column":47}}},"9":{"name":"(anonymous_9)","line":73,"loc":{"start":{"line":73,"column":72},"end":{"line":73,"column":112}}},"10":{"name":"(anonymous_10)","line":76,"loc":{"start":{"line":76,"column":55},"end":{"line":76,"column":75}}}},"statementMap":{"1":{"start":{"line":1,"column":0},"end":{"line":1,"column":57}},"2":{"start":{"line":2,"column":0},"end":{"line":2,"column":42}},"3":{"start":{"line":5,"column":0},"end":{"line":94,"column":2}},"4":{"start":{"line":13,"column":4},"end":{"line":15,"column":7}},"5":{"start":{"line":14,"column":8},"end":{"line":14,"column":29}},"6":{"start":{"line":18,"column":4},"end":{"line":22,"column":7}},"7":{"start":{"line":19,"column":8},"end":{"line":21,"column":11}},"8":{"start":{"line":20,"column":12},"end":{"line":20,"column":28}},"9":{"start":{"line":29,"column":4},"end":{"line":33,"column":6}},"10":{"start":{"line":35,"column":4},"end":{"line":71,"column":8}},"11":{"start":{"line":38,"column":8},"end":{"line":70,"column":11}},"12":{"start":{"line":42,"column":12},"end":{"line":69,"column":15}},"13":{"start":{"line":44,"column":16},"end":{"line":46,"column":17}},"14":{"start":{"line":45,"column":20},"end":{"line":45,"column":37}},"15":{"start":{"line":49,"column":16},"end":{"line":68,"column":17}},"16":{"start":{"line":50,"column":20},"end":{"line":50,"column":51}},"17":{"start":{"line":55,"column":20},"end":{"line":55,"column":64}},"18":{"start":{"line":58,"column":20},"end":{"line":58,"column":57}},"19":{"start":{"line":59,"column":20},"end":{"line":59,"column":76}},"20":{"start":{"line":61,"column":20},"end":{"line":67,"column":23}},"21":{"start":{"line":62,"column":24},"end":{"line":65,"column":25}},"22":{"start":{"line":64,"column":28},"end":{"line":64,"column":58}},"23":{"start":{"line":66,"column":24},"end":{"line":66,"column":51}},"24":{"start":{"line":73,"column":4},"end":{"line":91,"column":8}},"25":{"start":{"line":76,"column":8},"end":{"line":89,"column":11}},"26":{"start":{"line":78,"column":12},"end":{"line":79,"column":33}},"27":{"start":{"line":79,"column":16},"end":{"line":79,"column":33}},"28":{"start":{"line":81,"column":12},"end":{"line":82,"column":47}},"29":{"start":{"line":82,"column":16},"end":{"line":82,"column":47}},"30":{"start":{"line":85,"column":12},"end":{"line":86,"column":47}},"31":{"start":{"line":86,"column":16},"end":{"line":86,"column":47}},"32":{"start":{"line":88,"column":12},"end":{"line":88,"column":36}},"33":{"start":{"line":93,"column":4},"end":{"line":93,"column":20}},"34":{"start":{"line":96,"column":0},"end":{"line":96,"column":22}}},"branchMap":{"1":{"line":44,"type":"if","locations":[{"start":{"line":44,"column":16},"end":{"line":44,"column":16}},{"start":{"line":44,"column":16},"end":{"line":44,"column":16}}]},"2":{"line":49,"type":"if","locations":[{"start":{"line":49,"column":16},"end":{"line":49,"column":16}},{"start":{"line":49,"column":16},"end":{"line":49,"column":16}}]},"3":{"line":62,"type":"if","locations":[{"start":{"line":62,"column":24},"end":{"line":62,"column":24}},{"start":{"line":62,"column":24},"end":{"line":62,"column":24}}]},"4":{"line":78,"type":"if","locations":[{"start":{"line":78,"column":12},"end":{"line":78,"column":12}},{"start":{"line":78,"column":12},"end":{"line":78,"column":12}}]},"5":{"line":81,"type":"if","locations":[{"start":{"line":81,"column":12},"end":{"line":81,"column":12}},{"start":{"line":81,"column":12},"end":{"line":81,"column":12}}]},"6":{"line":85,"type":"if","locations":[{"start":{"line":85,"column":12},"end":{"line":85,"column":12}},{"start":{"line":85,"column":12},"end":{"line":85,"column":12}}]}}},"C:\\Users\\Louis\\Documents\\GitHub\\Einopdracht-webs5\\eindopdracht\\routes\\index.js":{"path":"C:\\Users\\Louis\\Documents\\GitHub\\Einopdracht-webs5\\eindopdracht\\routes\\index.js","s":{"1":1,"2":1,"3":1,"4":1,"5":1,"6":1,"7":0,"8":0,"9":0,"10":1,"11":1,"12":0,"13":1,"14":1,"15":0,"16":1,"17":1,"18":1,"19":1,"20":0,"21":1,"22":1,"23":1,"24":1,"25":1,"26":1,"27":0,"28":1,"29":1,"30":1,"31":0,"32":0,"33":0,"34":0,"35":0,"36":0,"37":1,"38":2,"39":2,"40":0,"41":2,"42":2,"43":2,"44":1,"45":2,"46":2,"47":0,"48":2,"49":2,"50":2,"51":1,"52":0,"53":0,"54":0,"55":0,"56":0,"57":0,"58":1},"b":{"1":[0,0],"2":[0,1],"3":[1,0],"4":[0,1],"5":[0,1],"6":[0,0],"7":[0,2],"8":[0,2],"9":[0,0]},"f":{"1":0,"2":1,"3":0,"4":1,"5":1,"6":1,"7":1,"8":0,"9":0,"10":2,"11":2,"12":2,"13":2,"14":0,"15":0},"fnMap":{"1":{"name":"(anonymous_1)","line":8,"loc":{"start":{"line":8,"column":13},"end":{"line":9,"column":0}}},"2":{"name":"(anonymous_2)","line":14,"loc":{"start":{"line":14,"column":14},"end":{"line":15,"column":0}}},"3":{"name":"(anonymous_3)","line":23,"loc":{"start":{"line":23,"column":16},"end":{"line":23,"column":41}}},"4":{"name":"(anonymous_4)","line":27,"loc":{"start":{"line":27,"column":26},"end":{"line":27,"column":51}}},"5":{"name":"(anonymous_5)","line":30,"loc":{"start":{"line":30,"column":28},"end":{"line":30,"column":47}}},"6":{"name":"(anonymous_6)","line":44,"loc":{"start":{"line":44,"column":28},"end":{"line":44,"column":53}}},"7":{"name":"(anonymous_7)","line":46,"loc":{"start":{"line":46,"column":36},"end":{"line":46,"column":55}}},"8":{"name":"(anonymous_8)","line":59,"loc":{"start":{"line":59,"column":35},"end":{"line":59,"column":54}}},"9":{"name":"(anonymous_9)","line":60,"loc":{"start":{"line":60,"column":42},"end":{"line":60,"column":63}}},"10":{"name":"(anonymous_10)","line":76,"loc":{"start":{"line":76,"column":21},"end":{"line":76,"column":40}}},"11":{"name":"(anonymous_11)","line":77,"loc":{"start":{"line":77,"column":37},"end":{"line":77,"column":58}}},"12":{"name":"(anonymous_12)","line":93,"loc":{"start":{"line":93,"column":24},"end":{"line":93,"column":43}}},"13":{"name":"(anonymous_13)","line":94,"loc":{"start":{"line":94,"column":40},"end":{"line":94,"column":61}}},"14":{"name":"(anonymous_14)","line":109,"loc":{"start":{"line":109,"column":21},"end":{"line":109,"column":40}}},"15":{"name":"(anonymous_15)","line":110,"loc":{"start":{"line":110,"column":37},"end":{"line":110,"column":58}}}},"statementMap":{"1":{"start":{"line":1,"column":0},"end":{"line":1,"column":33}},"2":{"start":{"line":2,"column":0},"end":{"line":2,"column":35}},"3":{"start":{"line":3,"column":0},"end":{"line":3,"column":30}},"4":{"start":{"line":4,"column":0},"end":{"line":5,"column":23}},"5":{"start":{"line":6,"column":0},"end":{"line":6,"column":51}},"6":{"start":{"line":8,"column":0},"end":{"line":13,"column":1}},"7":{"start":{"line":10,"column":1},"end":{"line":11,"column":16}},"8":{"start":{"line":11,"column":2},"end":{"line":11,"column":16}},"9":{"start":{"line":12,"column":1},"end":{"line":12,"column":24}},"10":{"start":{"line":14,"column":0},"end":{"line":20,"column":1}},"11":{"start":{"line":16,"column":1},"end":{"line":18,"column":16}},"12":{"start":{"line":18,"column":2},"end":{"line":18,"column":16}},"13":{"start":{"line":19,"column":1},"end":{"line":19,"column":24}},"14":{"start":{"line":23,"column":0},"end":{"line":25,"column":3}},"15":{"start":{"line":24,"column":2},"end":{"line":24,"column":44}},"16":{"start":{"line":27,"column":0},"end":{"line":43,"column":3}},"17":{"start":{"line":29,"column":1},"end":{"line":29,"column":30}},"18":{"start":{"line":30,"column":1},"end":{"line":42,"column":4}},"19":{"start":{"line":32,"column":2},"end":{"line":40,"column":3}},"20":{"start":{"line":34,"column":3},"end":{"line":34,"column":13}},"21":{"start":{"line":38,"column":9},"end":{"line":38,"column":23}},"22":{"start":{"line":39,"column":9},"end":{"line":39,"column":19}},"23":{"start":{"line":44,"column":0},"end":{"line":57,"column":3}},"24":{"start":{"line":45,"column":1},"end":{"line":45,"column":31}},"25":{"start":{"line":46,"column":1},"end":{"line":56,"column":4}},"26":{"start":{"line":47,"column":2},"end":{"line":55,"column":3}},"27":{"start":{"line":49,"column":3},"end":{"line":49,"column":13}},"28":{"start":{"line":53,"column":9},"end":{"line":53,"column":23}},"29":{"start":{"line":54,"column":9},"end":{"line":54,"column":19}},"30":{"start":{"line":59,"column":0},"end":{"line":72,"column":3}},"31":{"start":{"line":60,"column":1},"end":{"line":71,"column":4}},"32":{"start":{"line":61,"column":2},"end":{"line":70,"column":3}},"33":{"start":{"line":63,"column":3},"end":{"line":63,"column":13}},"34":{"start":{"line":67,"column":3},"end":{"line":67,"column":55}},"35":{"start":{"line":68,"column":9},"end":{"line":68,"column":25}},"36":{"start":{"line":69,"column":9},"end":{"line":69,"column":19}},"37":{"start":{"line":76,"column":0},"end":{"line":89,"column":3}},"38":{"start":{"line":77,"column":1},"end":{"line":88,"column":4}},"39":{"start":{"line":78,"column":2},"end":{"line":87,"column":3}},"40":{"start":{"line":80,"column":3},"end":{"line":80,"column":13}},"41":{"start":{"line":84,"column":3},"end":{"line":84,"column":55}},"42":{"start":{"line":85,"column":9},"end":{"line":85,"column":25}},"43":{"start":{"line":86,"column":9},"end":{"line":86,"column":19}},"44":{"start":{"line":93,"column":0},"end":{"line":106,"column":3}},"45":{"start":{"line":94,"column":1},"end":{"line":105,"column":4}},"46":{"start":{"line":95,"column":2},"end":{"line":104,"column":3}},"47":{"start":{"line":97,"column":3},"end":{"line":97,"column":13}},"48":{"start":{"line":101,"column":3},"end":{"line":101,"column":55}},"49":{"start":{"line":102,"column":9},"end":{"line":102,"column":25}},"50":{"start":{"line":103,"column":9},"end":{"line":103,"column":19}},"51":{"start":{"line":109,"column":0},"end":{"line":123,"column":3}},"52":{"start":{"line":110,"column":1},"end":{"line":121,"column":4}},"53":{"start":{"line":111,"column":2},"end":{"line":120,"column":3}},"54":{"start":{"line":113,"column":3},"end":{"line":113,"column":13}},"55":{"start":{"line":117,"column":3},"end":{"line":117,"column":55}},"56":{"start":{"line":118,"column":9},"end":{"line":118,"column":25}},"57":{"start":{"line":119,"column":9},"end":{"line":119,"column":19}},"58":{"start":{"line":128,"column":0},"end":{"line":128,"column":24}}},"branchMap":{"1":{"line":10,"type":"if","locations":[{"start":{"line":10,"column":1},"end":{"line":10,"column":1}},{"start":{"line":10,"column":1},"end":{"line":10,"column":1}}]},"2":{"line":16,"type":"if","locations":[{"start":{"line":16,"column":1},"end":{"line":16,"column":1}},{"start":{"line":16,"column":1},"end":{"line":16,"column":1}}]},"3":{"line":16,"type":"binary-expr","locations":[{"start":{"line":16,"column":4},"end":{"line":16,"column":25}},{"start":{"line":16,"column":29},"end":{"line":16,"column":43}}]},"4":{"line":32,"type":"if","locations":[{"start":{"line":32,"column":2},"end":{"line":32,"column":2}},{"start":{"line":32,"column":2},"end":{"line":32,"column":2}}]},"5":{"line":47,"type":"if","locations":[{"start":{"line":47,"column":2},"end":{"line":47,"column":2}},{"start":{"line":47,"column":2},"end":{"line":47,"column":2}}]},"6":{"line":61,"type":"if","locations":[{"start":{"line":61,"column":2},"end":{"line":61,"column":2}},{"start":{"line":61,"column":2},"end":{"line":61,"column":2}}]},"7":{"line":78,"type":"if","locations":[{"start":{"line":78,"column":2},"end":{"line":78,"column":2}},{"start":{"line":78,"column":2},"end":{"line":78,"column":2}}]},"8":{"line":95,"type":"if","locations":[{"start":{"line":95,"column":2},"end":{"line":95,"column":2}},{"start":{"line":95,"column":2},"end":{"line":95,"column":2}}]},"9":{"line":111,"type":"if","locations":[{"start":{"line":111,"column":2},"end":{"line":111,"column":2}},{"start":{"line":111,"column":2},"end":{"line":111,"column":2}}]}}},"C:\\Users\\Louis\\Documents\\GitHub\\Einopdracht-webs5\\eindopdracht\\routes\\users.js":{"path":"C:\\Users\\Louis\\Documents\\GitHub\\Einopdracht-webs5\\eindopdracht\\routes\\users.js","s":{"1":1,"2":1,"3":1,"4":1,"5":2,"6":2,"7":2,"8":0,"9":2,"10":1,"11":0,"12":0,"13":1,"14":0,"15":0,"16":1,"17":0,"18":0,"19":0,"20":1},"b":{"1":[0,2]},"f":{"1":1,"2":2,"3":2,"4":0,"5":0,"6":0},"fnMap":{"1":{"name":"(anonymous_1)","line":7,"loc":{"start":{"line":7,"column":17},"end":{"line":7,"column":45}}},"2":{"name":"(anonymous_2)","line":9,"loc":{"start":{"line":9,"column":7},"end":{"line":9,"column":32}}},"3":{"name":"(anonymous_3)","line":12,"loc":{"start":{"line":12,"column":19},"end":{"line":12,"column":40}}},"4":{"name":"(anonymous_4)","line":24,"loc":{"start":{"line":24,"column":60},"end":{"line":24,"column":79}}},"5":{"name":"(anonymous_5)","line":29,"loc":{"start":{"line":29,"column":47},"end":{"line":29,"column":66}}},"6":{"name":"(anonymous_6)","line":34,"loc":{"start":{"line":34,"column":25},"end":{"line":34,"column":44}}}},"statementMap":{"1":{"start":{"line":1,"column":0},"end":{"line":1,"column":33}},"2":{"start":{"line":2,"column":0},"end":{"line":2,"column":30}},"3":{"start":{"line":7,"column":0},"end":{"line":40,"column":2}},"4":{"start":{"line":8,"column":1},"end":{"line":22,"column":5}},"5":{"start":{"line":11,"column":3},"end":{"line":11,"column":43}},"6":{"start":{"line":12,"column":3},"end":{"line":21,"column":10}},"7":{"start":{"line":13,"column":9},"end":{"line":20,"column":10}},"8":{"start":{"line":15,"column":11},"end":{"line":15,"column":25}},"9":{"start":{"line":19,"column":11},"end":{"line":19,"column":27}},"10":{"start":{"line":24,"column":1},"end":{"line":27,"column":6}},"11":{"start":{"line":25,"column":2},"end":{"line":25,"column":50}},"12":{"start":{"line":26,"column":2},"end":{"line":26,"column":21}},"13":{"start":{"line":28,"column":1},"end":{"line":32,"column":8}},"14":{"start":{"line":30,"column":2},"end":{"line":30,"column":29}},"15":{"start":{"line":31,"column":6},"end":{"line":31,"column":25}},"16":{"start":{"line":34,"column":2},"end":{"line":38,"column":4}},"17":{"start":{"line":35,"column":3},"end":{"line":35,"column":30}},"18":{"start":{"line":36,"column":3},"end":{"line":36,"column":16}},"19":{"start":{"line":37,"column":3},"end":{"line":37,"column":26}},"20":{"start":{"line":39,"column":1},"end":{"line":39,"column":15}}},"branchMap":{"1":{"line":13,"type":"if","locations":[{"start":{"line":13,"column":9},"end":{"line":13,"column":9}},{"start":{"line":13,"column":9},"end":{"line":13,"column":9}}]}}},"C:\\Users\\Louis\\Documents\\GitHub\\Einopdracht-webs5\\eindopdracht\\routes\\maps.js":{"path":"C:\\Users\\Louis\\Documents\\GitHub\\Einopdracht-webs5\\eindopdracht\\routes\\maps.js","s":{"1":1,"2":1,"3":1,"4":1,"5":0,"6":1,"7":1,"8":1,"9":1,"10":1,"11":1,"12":1,"13":1,"14":1,"15":1,"16":1,"17":1,"18":1,"19":2,"20":1,"21":1,"22":1,"23":1,"24":1,"25":1},"b":{},"f":{"1":0,"2":1,"3":1,"4":1,"5":1,"6":2,"7":1,"8":0},"fnMap":{"1":{"name":"(anonymous_1)","line":5,"loc":{"start":{"line":5,"column":16},"end":{"line":5,"column":34}}},"2":{"name":"(anonymous_2)","line":9,"loc":{"start":{"line":9,"column":25},"end":{"line":9,"column":50}}},"3":{"name":"(anonymous_3)","line":21,"loc":{"start":{"line":21,"column":2},"end":{"line":22,"column":8}}},"4":{"name":"getJSON","line":28,"loc":{"start":{"line":28,"column":0},"end":{"line":29,"column":0}}},"5":{"name":"(anonymous_5)","line":30,"loc":{"start":{"line":30,"column":33},"end":{"line":31,"column":4}}},"6":{"name":"(anonymous_6)","line":36,"loc":{"start":{"line":36,"column":23},"end":{"line":36,"column":40}}},"7":{"name":"(anonymous_7)","line":40,"loc":{"start":{"line":40,"column":22},"end":{"line":40,"column":33}}},"8":{"name":"(anonymous_8)","line":46,"loc":{"start":{"line":46,"column":20},"end":{"line":46,"column":34}}}},"statementMap":{"1":{"start":{"line":1,"column":0},"end":{"line":1,"column":33}},"2":{"start":{"line":2,"column":0},"end":{"line":2,"column":30}},"3":{"start":{"line":3,"column":0},"end":{"line":3,"column":28}},"4":{"start":{"line":5,"column":0},"end":{"line":7,"column":3}},"5":{"start":{"line":6,"column":1},"end":{"line":6,"column":16}},"6":{"start":{"line":9,"column":0},"end":{"line":26,"column":3}},"7":{"start":{"line":11,"column":1},"end":{"line":11,"column":26}},"8":{"start":{"line":12,"column":1},"end":{"line":12,"column":26}},"9":{"start":{"line":14,"column":1},"end":{"line":19,"column":3}},"10":{"start":{"line":20,"column":1},"end":{"line":25,"column":11}},"11":{"start":{"line":23,"column":12},"end":{"line":23,"column":40}},"12":{"start":{"line":24,"column":12},"end":{"line":24,"column":29}},"13":{"start":{"line":28,"column":0},"end":{"line":51,"column":1}},"14":{"start":{"line":30,"column":1},"end":{"line":44,"column":7}},"15":{"start":{"line":32,"column":8},"end":{"line":32,"column":24}},"16":{"start":{"line":33,"column":8},"end":{"line":33,"column":57}},"17":{"start":{"line":34,"column":8},"end":{"line":34,"column":32}},"18":{"start":{"line":36,"column":8},"end":{"line":38,"column":11}},"19":{"start":{"line":37,"column":12},"end":{"line":37,"column":28}},"20":{"start":{"line":40,"column":8},"end":{"line":43,"column":11}},"21":{"start":{"line":41,"column":12},"end":{"line":41,"column":41}},"22":{"start":{"line":42,"column":12},"end":{"line":42,"column":42}},"23":{"start":{"line":46,"column":4},"end":{"line":48,"column":7}},"24":{"start":{"line":50,"column":4},"end":{"line":50,"column":14}},"25":{"start":{"line":53,"column":0},"end":{"line":53,"column":24}}},"branchMap":{}},"C:\\Users\\Louis\\Documents\\GitHub\\Einopdracht-webs5\\eindopdracht\\routes\\races.js":{"path":"C:\\Users\\Louis\\Documents\\GitHub\\Einopdracht-webs5\\eindopdracht\\routes\\races.js","s":{"1":1,"2":1,"3":1,"4":1,"5":1,"6":5,"7":3,"8":2,"9":1,"10":2,"11":2,"12":0,"13":2,"14":1,"15":1,"16":0,"17":0,"18":0,"19":0,"20":1,"21":1,"22":0,"23":1,"24":1,"25":0,"26":0,"27":0,"28":0,"29":0,"30":0,"31":0,"32":0,"33":0,"34":1,"35":1,"36":1,"37":0,"38":1,"39":1,"40":1,"41":0,"42":1,"43":1,"44":1,"45":0,"46":1,"47":1,"48":1,"49":1,"50":1,"51":1,"52":1,"53":1,"54":1,"55":1,"56":1,"57":1,"58":1,"59":1,"60":1,"61":0,"62":1,"63":1,"64":2,"65":2,"66":2,"67":2,"68":2,"69":2,"70":2,"71":1,"72":1,"73":1,"74":1,"75":1,"76":1,"77":1,"78":0,"79":0,"80":1,"81":1,"82":0,"83":1,"84":1,"85":1,"86":1,"87":1,"88":1,"89":1,"90":0,"91":1,"92":1,"93":1,"94":1,"95":1,"96":1,"97":1,"98":0,"99":1,"100":1,"101":1,"102":1,"103":1,"104":0,"105":1,"106":1,"107":1,"108":0,"109":1,"110":1,"111":2,"112":4,"113":4,"114":2,"115":0,"116":0,"117":0,"118":2,"119":1,"120":1,"121":26,"122":26,"123":0,"124":1,"125":1,"126":1,"127":32,"128":32,"129":0,"130":1,"131":1,"132":2,"133":2,"134":34,"135":34,"136":2,"137":1,"138":1,"139":1,"140":1,"141":1,"142":1,"143":0,"144":0,"145":1,"146":1},"b":{"1":[3,2],"2":[5,3],"3":[0,2],"4":[0,1],"5":[0,1],"6":[0,0],"7":[0,1],"8":[0,1],"9":[0,1],"10":[1,0],"11":[0,1],"12":[1,1],"13":[2,2,2],"14":[1,0],"15":[0,1],"16":[0,1],"17":[0,1],"18":[1,0],"19":[0,1],"20":[0,1],"21":[0,1],"22":[2,2],"23":[0,0],"24":[0,26],"25":[0,32],"26":[32,29],"27":[2,32],"28":[1,0],"29":[0,1],"30":[0,0]},"f":{"1":1,"2":5,"3":2,"4":2,"5":1,"6":1,"7":0,"8":0,"9":1,"10":1,"11":1,"12":1,"13":1,"14":1,"15":1,"16":2,"17":2,"18":1,"19":1,"20":1,"21":1,"22":1,"23":1,"24":1,"25":2,"26":1,"27":1,"28":2,"29":1},"fnMap":{"1":{"name":"(anonymous_1)","line":4,"loc":{"start":{"line":4,"column":17},"end":{"line":4,"column":35}}},"2":{"name":"(anonymous_2)","line":7,"loc":{"start":{"line":7,"column":15},"end":{"line":8,"column":1}}},"3":{"name":"(anonymous_3)","line":16,"loc":{"start":{"line":16,"column":7},"end":{"line":16,"column":26}}},"4":{"name":"(anonymous_4)","line":17,"loc":{"start":{"line":17,"column":55},"end":{"line":17,"column":77}}},"5":{"name":"(anonymous_5)","line":28,"loc":{"start":{"line":28,"column":17},"end":{"line":28,"column":36}}},"6":{"name":"(anonymous_6)","line":43,"loc":{"start":{"line":43,"column":14},"end":{"line":43,"column":28}}},"7":{"name":"(anonymous_7)","line":56,"loc":{"start":{"line":56,"column":7},"end":{"line":56,"column":26}}},"8":{"name":"(anonymous_8)","line":68,"loc":{"start":{"line":68,"column":9},"end":{"line":68,"column":31}}},"9":{"name":"(anonymous_9)","line":83,"loc":{"start":{"line":83,"column":19},"end":{"line":83,"column":38}}},"10":{"name":"(anonymous_10)","line":84,"loc":{"start":{"line":84,"column":42},"end":{"line":84,"column":56}}},"11":{"name":"(anonymous_11)","line":95,"loc":{"start":{"line":95,"column":7},"end":{"line":96,"column":2}}},"12":{"name":"(anonymous_12)","line":97,"loc":{"start":{"line":97,"column":65},"end":{"line":97,"column":86}}},"13":{"name":"(anonymous_13)","line":108,"loc":{"start":{"line":108,"column":16},"end":{"line":109,"column":2}}},"14":{"name":"(anonymous_14)","line":110,"loc":{"start":{"line":110,"column":32},"end":{"line":110,"column":52}}},"15":{"name":"(anonymous_15)","line":138,"loc":{"start":{"line":138,"column":18},"end":{"line":138,"column":32}}},"16":{"name":"(anonymous_16)","line":152,"loc":{"start":{"line":152,"column":8},"end":{"line":152,"column":26}}},"17":{"name":"(anonymous_17)","line":158,"loc":{"start":{"line":158,"column":49},"end":{"line":158,"column":70}}},"18":{"name":"(anonymous_18)","line":181,"loc":{"start":{"line":181,"column":23},"end":{"line":181,"column":37}}},"19":{"name":"(anonymous_19)","line":199,"loc":{"start":{"line":199,"column":10},"end":{"line":199,"column":29}}},"20":{"name":"(anonymous_20)","line":203,"loc":{"start":{"line":203,"column":25},"end":{"line":203,"column":45}}},"21":{"name":"(anonymous_21)","line":218,"loc":{"start":{"line":218,"column":18},"end":{"line":218,"column":32}}},"22":{"name":"(anonymous_22)","line":231,"loc":{"start":{"line":231,"column":8},"end":{"line":231,"column":26}}},"23":{"name":"(anonymous_23)","line":236,"loc":{"start":{"line":236,"column":25},"end":{"line":236,"column":45}}},"24":{"name":"(anonymous_24)","line":244,"loc":{"start":{"line":244,"column":18},"end":{"line":244,"column":32}}},"25":{"name":"checkUserAlreadyOnWayPoint","line":257,"loc":{"start":{"line":257,"column":2},"end":{"line":258,"column":2}}},"26":{"name":"checkUserOnWaypoint","line":278,"loc":{"start":{"line":278,"column":2},"end":{"line":279,"column":2}}},"27":{"name":"syncUsersByWaypoint","line":292,"loc":{"start":{"line":292,"column":2},"end":{"line":293,"column":2}}},"28":{"name":"checkIfUserIsOnPreviousWayPoints","line":304,"loc":{"start":{"line":304,"column":2},"end":{"line":305,"column":2}}},"29":{"name":"checkWinnerOnWayPoint","line":327,"loc":{"start":{"line":327,"column":2},"end":{"line":328,"column":2}}}},"statementMap":{"1":{"start":{"line":1,"column":0},"end":{"line":1,"column":33}},"2":{"start":{"line":2,"column":0},"end":{"line":2,"column":30}},"3":{"start":{"line":4,"column":0},"end":{"line":339,"column":2}},"4":{"start":{"line":6,"column":1},"end":{"line":6,"column":36}},"5":{"start":{"line":7,"column":1},"end":{"line":14,"column":2}},"6":{"start":{"line":9,"column":2},"end":{"line":12,"column":3}},"7":{"start":{"line":11,"column":3},"end":{"line":11,"column":17}},"8":{"start":{"line":13,"column":2},"end":{"line":13,"column":42}},"9":{"start":{"line":15,"column":1},"end":{"line":53,"column":8}},"10":{"start":{"line":17,"column":3},"end":{"line":26,"column":6}},"11":{"start":{"line":18,"column":4},"end":{"line":25,"column":8}},"12":{"start":{"line":20,"column":5},"end":{"line":20,"column":19}},"13":{"start":{"line":24,"column":8},"end":{"line":24,"column":24}},"14":{"start":{"line":30,"column":3},"end":{"line":30,"column":34}},"15":{"start":{"line":33,"column":3},"end":{"line":41,"column":4}},"16":{"start":{"line":35,"column":4},"end":{"line":35,"column":45}},"17":{"start":{"line":36,"column":4},"end":{"line":40,"column":5}},"18":{"start":{"line":38,"column":5},"end":{"line":38,"column":32}},"19":{"start":{"line":39,"column":5},"end":{"line":39,"column":116}},"20":{"start":{"line":43,"column":3},"end":{"line":52,"column":9}},"21":{"start":{"line":44,"column":7},"end":{"line":51,"column":8}},"22":{"start":{"line":46,"column":8},"end":{"line":46,"column":22}},"23":{"start":{"line":50,"column":8},"end":{"line":50,"column":24}},"24":{"start":{"line":55,"column":1},"end":{"line":80,"column":5}},"25":{"start":{"line":58,"column":3},"end":{"line":58,"column":32}},"26":{"start":{"line":59,"column":3},"end":{"line":59,"column":39}},"27":{"start":{"line":60,"column":3},"end":{"line":60,"column":32}},"28":{"start":{"line":62,"column":3},"end":{"line":62,"column":23}},"29":{"start":{"line":63,"column":3},"end":{"line":63,"column":25}},"30":{"start":{"line":64,"column":3},"end":{"line":79,"column":6}},"31":{"start":{"line":70,"column":4},"end":{"line":77,"column":8}},"32":{"start":{"line":72,"column":5},"end":{"line":72,"column":19}},"33":{"start":{"line":76,"column":8},"end":{"line":76,"column":24}},"34":{"start":{"line":82,"column":1},"end":{"line":150,"column":5}},"35":{"start":{"line":84,"column":4},"end":{"line":93,"column":7}},"36":{"start":{"line":85,"column":6},"end":{"line":92,"column":7}},"37":{"start":{"line":87,"column":7},"end":{"line":87,"column":21}},"38":{"start":{"line":91,"column":7},"end":{"line":91,"column":22}},"39":{"start":{"line":97,"column":3},"end":{"line":106,"column":10}},"40":{"start":{"line":98,"column":4},"end":{"line":105,"column":8}},"41":{"start":{"line":100,"column":5},"end":{"line":100,"column":19}},"42":{"start":{"line":104,"column":8},"end":{"line":104,"column":23}},"43":{"start":{"line":110,"column":3},"end":{"line":149,"column":6}},"44":{"start":{"line":111,"column":7},"end":{"line":148,"column":8}},"45":{"start":{"line":113,"column":8},"end":{"line":113,"column":22}},"46":{"start":{"line":117,"column":8},"end":{"line":117,"column":39}},"47":{"start":{"line":118,"column":8},"end":{"line":118,"column":31}},"48":{"start":{"line":119,"column":8},"end":{"line":119,"column":45}},"49":{"start":{"line":120,"column":8},"end":{"line":120,"column":43}},"50":{"start":{"line":121,"column":8},"end":{"line":121,"column":35}},"51":{"start":{"line":122,"column":6},"end":{"line":122,"column":28}},"52":{"start":{"line":123,"column":6},"end":{"line":135,"column":7}},"53":{"start":{"line":126,"column":6},"end":{"line":126,"column":47}},"54":{"start":{"line":128,"column":6},"end":{"line":133,"column":7}},"55":{"start":{"line":130,"column":7},"end":{"line":130,"column":34}},"56":{"start":{"line":131,"column":7},"end":{"line":131,"column":70}},"57":{"start":{"line":132,"column":7},"end":{"line":132,"column":130}},"58":{"start":{"line":137,"column":5},"end":{"line":137,"column":35}},"59":{"start":{"line":138,"column":8},"end":{"line":147,"column":11}},"60":{"start":{"line":139,"column":8},"end":{"line":146,"column":9}},"61":{"start":{"line":141,"column":9},"end":{"line":141,"column":23}},"62":{"start":{"line":145,"column":9},"end":{"line":145,"column":24}},"63":{"start":{"line":151,"column":2},"end":{"line":196,"column":5}},"64":{"start":{"line":155,"column":3},"end":{"line":155,"column":34}},"65":{"start":{"line":156,"column":3},"end":{"line":156,"column":34}},"66":{"start":{"line":157,"column":3},"end":{"line":157,"column":42}},"67":{"start":{"line":158,"column":3},"end":{"line":195,"column":6}},"68":{"start":{"line":160,"column":3},"end":{"line":160,"column":76}},"69":{"start":{"line":161,"column":3},"end":{"line":161,"column":75}},"70":{"start":{"line":162,"column":7},"end":{"line":194,"column":8}},"71":{"start":{"line":164,"column":5},"end":{"line":164,"column":33}},"72":{"start":{"line":168,"column":5},"end":{"line":168,"column":47}},"73":{"start":{"line":169,"column":8},"end":{"line":193,"column":9}},"74":{"start":{"line":170,"column":12},"end":{"line":170,"column":45}},"75":{"start":{"line":172,"column":12},"end":{"line":192,"column":13}},"76":{"start":{"line":174,"column":13},"end":{"line":174,"column":41}},"77":{"start":{"line":176,"column":13},"end":{"line":180,"column":14}},"78":{"start":{"line":178,"column":14},"end":{"line":178,"column":35}},"79":{"start":{"line":179,"column":14},"end":{"line":179,"column":34}},"80":{"start":{"line":181,"column":13},"end":{"line":190,"column":13}},"81":{"start":{"line":182,"column":11},"end":{"line":189,"column":12}},"82":{"start":{"line":184,"column":12},"end":{"line":184,"column":40}},"83":{"start":{"line":188,"column":12},"end":{"line":188,"column":28}},"84":{"start":{"line":191,"column":16},"end":{"line":191,"column":22}},"85":{"start":{"line":198,"column":2},"end":{"line":256,"column":5}},"86":{"start":{"line":201,"column":3},"end":{"line":201,"column":34}},"87":{"start":{"line":202,"column":3},"end":{"line":202,"column":34}},"88":{"start":{"line":203,"column":3},"end":{"line":229,"column":6}},"89":{"start":{"line":204,"column":7},"end":{"line":228,"column":5}},"90":{"start":{"line":206,"column":5},"end":{"line":206,"column":19}},"91":{"start":{"line":210,"column":6},"end":{"line":217,"column":9}},"92":{"start":{"line":211,"column":12},"end":{"line":211,"column":37}},"93":{"start":{"line":212,"column":12},"end":{"line":216,"column":13}},"94":{"start":{"line":214,"column":16},"end":{"line":214,"column":39}},"95":{"start":{"line":215,"column":16},"end":{"line":215,"column":22}},"96":{"start":{"line":218,"column":8},"end":{"line":227,"column":11}},"97":{"start":{"line":219,"column":9},"end":{"line":226,"column":10}},"98":{"start":{"line":221,"column":10},"end":{"line":221,"column":26}},"99":{"start":{"line":225,"column":10},"end":{"line":225,"column":25}},"100":{"start":{"line":233,"column":3},"end":{"line":233,"column":34}},"101":{"start":{"line":234,"column":3},"end":{"line":234,"column":34}},"102":{"start":{"line":236,"column":3},"end":{"line":255,"column":6}},"103":{"start":{"line":237,"column":7},"end":{"line":254,"column":8}},"104":{"start":{"line":239,"column":5},"end":{"line":239,"column":19}},"105":{"start":{"line":243,"column":8},"end":{"line":243,"column":32}},"106":{"start":{"line":244,"column":8},"end":{"line":253,"column":11}},"107":{"start":{"line":245,"column":9},"end":{"line":252,"column":10}},"108":{"start":{"line":247,"column":10},"end":{"line":247,"column":24}},"109":{"start":{"line":251,"column":10},"end":{"line":251,"column":25}},"110":{"start":{"line":257,"column":2},"end":{"line":277,"column":3}},"111":{"start":{"line":260,"column":3},"end":{"line":275,"column":7}},"112":{"start":{"line":261,"column":10},"end":{"line":261,"column":43}},"113":{"start":{"line":262,"column":10},"end":{"line":274,"column":9}},"114":{"start":{"line":265,"column":11},"end":{"line":273,"column":13}},"115":{"start":{"line":267,"column":13},"end":{"line":267,"column":46}},"116":{"start":{"line":269,"column":13},"end":{"line":272,"column":14}},"117":{"start":{"line":271,"column":14},"end":{"line":271,"column":26}},"118":{"start":{"line":276,"column":6},"end":{"line":276,"column":19}},"119":{"start":{"line":278,"column":2},"end":{"line":291,"column":3}},"120":{"start":{"line":281,"column":3},"end":{"line":288,"column":4}},"121":{"start":{"line":283,"column":4},"end":{"line":283,"column":37}},"122":{"start":{"line":284,"column":4},"end":{"line":287,"column":5}},"123":{"start":{"line":286,"column":5},"end":{"line":286,"column":17}},"124":{"start":{"line":289,"column":3},"end":{"line":289,"column":16}},"125":{"start":{"line":292,"column":2},"end":{"line":303,"column":3}},"126":{"start":{"line":294,"column":3},"end":{"line":301,"column":4}},"127":{"start":{"line":296,"column":4},"end":{"line":296,"column":34}},"128":{"start":{"line":297,"column":4},"end":{"line":300,"column":5}},"129":{"start":{"line":299,"column":5},"end":{"line":299,"column":27}},"130":{"start":{"line":302,"column":3},"end":{"line":302,"column":13}},"131":{"start":{"line":304,"column":2},"end":{"line":326,"column":3}},"132":{"start":{"line":307,"column":3},"end":{"line":307,"column":20}},"133":{"start":{"line":308,"column":3},"end":{"line":324,"column":4}},"134":{"start":{"line":310,"column":4},"end":{"line":310,"column":41}},"135":{"start":{"line":312,"column":4},"end":{"line":323,"column":5}},"136":{"start":{"line":314,"column":5},"end":{"line":322,"column":6}},"137":{"start":{"line":317,"column":6},"end":{"line":317,"column":67}},"138":{"start":{"line":318,"column":6},"end":{"line":321,"column":7}},"139":{"start":{"line":320,"column":7},"end":{"line":320,"column":20}},"140":{"start":{"line":325,"column":3},"end":{"line":325,"column":15}},"141":{"start":{"line":327,"column":2},"end":{"line":337,"column":3}},"142":{"start":{"line":329,"column":3},"end":{"line":335,"column":4}},"143":{"start":{"line":331,"column":4},"end":{"line":334,"column":5}},"144":{"start":{"line":333,"column":5},"end":{"line":333,"column":17}},"145":{"start":{"line":336,"column":3},"end":{"line":336,"column":16}},"146":{"start":{"line":338,"column":1},"end":{"line":338,"column":15}}},"branchMap":{"1":{"line":9,"type":"if","locations":[{"start":{"line":9,"column":2},"end":{"line":9,"column":2}},{"start":{"line":9,"column":2},"end":{"line":9,"column":2}}]},"2":{"line":9,"type":"binary-expr","locations":[{"start":{"line":9,"column":5},"end":{"line":9,"column":26}},{"start":{"line":9,"column":30},"end":{"line":9,"column":44}}]},"3":{"line":18,"type":"if","locations":[{"start":{"line":18,"column":4},"end":{"line":18,"column":4}},{"start":{"line":18,"column":4},"end":{"line":18,"column":4}}]},"4":{"line":33,"type":"if","locations":[{"start":{"line":33,"column":3},"end":{"line":33,"column":3}},{"start":{"line":33,"column":3},"end":{"line":33,"column":3}}]},"5":{"line":44,"type":"if","locations":[{"start":{"line":44,"column":7},"end":{"line":44,"column":7}},{"start":{"line":44,"column":7},"end":{"line":44,"column":7}}]},"6":{"line":70,"type":"if","locations":[{"start":{"line":70,"column":4},"end":{"line":70,"column":4}},{"start":{"line":70,"column":4},"end":{"line":70,"column":4}}]},"7":{"line":85,"type":"if","locations":[{"start":{"line":85,"column":6},"end":{"line":85,"column":6}},{"start":{"line":85,"column":6},"end":{"line":85,"column":6}}]},"8":{"line":98,"type":"if","locations":[{"start":{"line":98,"column":4},"end":{"line":98,"column":4}},{"start":{"line":98,"column":4},"end":{"line":98,"column":4}}]},"9":{"line":111,"type":"if","locations":[{"start":{"line":111,"column":7},"end":{"line":111,"column":7}},{"start":{"line":111,"column":7},"end":{"line":111,"column":7}}]},"10":{"line":123,"type":"if","locations":[{"start":{"line":123,"column":6},"end":{"line":123,"column":6}},{"start":{"line":123,"column":6},"end":{"line":123,"column":6}}]},"11":{"line":139,"type":"if","locations":[{"start":{"line":139,"column":8},"end":{"line":139,"column":8}},{"start":{"line":139,"column":8},"end":{"line":139,"column":8}}]},"12":{"line":162,"type":"if","locations":[{"start":{"line":162,"column":7},"end":{"line":162,"column":7}},{"start":{"line":162,"column":7},"end":{"line":162,"column":7}}]},"13":{"line":162,"type":"binary-expr","locations":[{"start":{"line":162,"column":11},"end":{"line":162,"column":14}},{"start":{"line":162,"column":18},"end":{"line":162,"column":30}},{"start":{"line":162,"column":34},"end":{"line":162,"column":50}}]},"14":{"line":172,"type":"if","locations":[{"start":{"line":172,"column":12},"end":{"line":172,"column":12}},{"start":{"line":172,"column":12},"end":{"line":172,"column":12}}]},"15":{"line":176,"type":"if","locations":[{"start":{"line":176,"column":13},"end":{"line":176,"column":13}},{"start":{"line":176,"column":13},"end":{"line":176,"column":13}}]},"16":{"line":182,"type":"if","locations":[{"start":{"line":182,"column":11},"end":{"line":182,"column":11}},{"start":{"line":182,"column":11},"end":{"line":182,"column":11}}]},"17":{"line":204,"type":"if","locations":[{"start":{"line":204,"column":7},"end":{"line":204,"column":7}},{"start":{"line":204,"column":7},"end":{"line":204,"column":7}}]},"18":{"line":212,"type":"if","locations":[{"start":{"line":212,"column":12},"end":{"line":212,"column":12}},{"start":{"line":212,"column":12},"end":{"line":212,"column":12}}]},"19":{"line":219,"type":"if","locations":[{"start":{"line":219,"column":9},"end":{"line":219,"column":9}},{"start":{"line":219,"column":9},"end":{"line":219,"column":9}}]},"20":{"line":237,"type":"if","locations":[{"start":{"line":237,"column":7},"end":{"line":237,"column":7}},{"start":{"line":237,"column":7},"end":{"line":237,"column":7}}]},"21":{"line":245,"type":"if","locations":[{"start":{"line":245,"column":9},"end":{"line":245,"column":9}},{"start":{"line":245,"column":9},"end":{"line":245,"column":9}}]},"22":{"line":262,"type":"if","locations":[{"start":{"line":262,"column":10},"end":{"line":262,"column":10}},{"start":{"line":262,"column":10},"end":{"line":262,"column":10}}]},"23":{"line":269,"type":"if","locations":[{"start":{"line":269,"column":13},"end":{"line":269,"column":13}},{"start":{"line":269,"column":13},"end":{"line":269,"column":13}}]},"24":{"line":284,"type":"if","locations":[{"start":{"line":284,"column":4},"end":{"line":284,"column":4}},{"start":{"line":284,"column":4},"end":{"line":284,"column":4}}]},"25":{"line":297,"type":"if","locations":[{"start":{"line":297,"column":4},"end":{"line":297,"column":4}},{"start":{"line":297,"column":4},"end":{"line":297,"column":4}}]},"26":{"line":297,"type":"binary-expr","locations":[{"start":{"line":297,"column":7},"end":{"line":297,"column":33}},{"start":{"line":297,"column":37},"end":{"line":297,"column":55}}]},"27":{"line":312,"type":"if","locations":[{"start":{"line":312,"column":4},"end":{"line":312,"column":4}},{"start":{"line":312,"column":4},"end":{"line":312,"column":4}}]},"28":{"line":318,"type":"if","locations":[{"start":{"line":318,"column":6},"end":{"line":318,"column":6}},{"start":{"line":318,"column":6},"end":{"line":318,"column":6}}]},"29":{"line":329,"type":"if","locations":[{"start":{"line":329,"column":3},"end":{"line":329,"column":3}},{"start":{"line":329,"column":3},"end":{"line":329,"column":3}}]},"30":{"line":331,"type":"if","locations":[{"start":{"line":331,"column":4},"end":{"line":331,"column":4}},{"start":{"line":331,"column":4},"end":{"line":331,"column":4}}]}}}}